2023-03-24 21:19:18,023 - INFO - Inicio de la aplicación
2023-03-24 21:19:58,342 - WARNING - El usuario y/o la contraseña son incorrectos
2023-03-24 21:19:58,342 - WARNING - El usuario y/o la contraseña son incorrectos
2023-03-24 21:20:14,706 - INFO - email: jorgekik37@gmail.com name: Jorge Luis Antonio Contreras idUser: 1
2023-03-24 21:20:14,706 - INFO - email: jorgekik37@gmail.com name: Jorge Luis Antonio Contreras idUser: 1
2023-03-24 21:20:40,642 - ERROR - 'cantidd' is an invalid keyword argument for Producto Error al agregar producto por Jorge Luis Antonio Contreras con id 1
2023-03-24 21:20:40,642 - ERROR - 'cantidd' is an invalid keyword argument for Producto Error al agregar producto por Jorge Luis Antonio Contreras con id 1
2023-03-24 21:21:22,652 - INFO - Inicio de la aplicación
2023-03-24 21:23:05,064 - WARNING - El usuario y/o la contraseña son incorrectos
2023-03-24 21:23:05,064 - WARNING - El usuario y/o la contraseña son incorrectos
2023-03-24 21:23:30,973 - INFO - email: jorgekik37@gmail.com name: Jorge Luis Antonio Contreras idUser: 1
2023-03-24 21:23:30,973 - INFO - email: jorgekik37@gmail.com name: Jorge Luis Antonio Contreras idUser: 1
2023-03-24 21:23:59,658 - INFO - Producto agregado porJorge Luis Antonio Contreras con id 1
2023-03-24 21:23:59,658 - INFO - Producto agregado porJorge Luis Antonio Contreras con id 1
2023-03-24 21:24:27,377 - INFO - Inicio de la aplicación
2023-03-24 21:24:36,375 - INFO - email: jorgekik37@gmail.com name: Jorge Luis Antonio Contreras idUser: 1
2023-03-24 21:24:36,375 - INFO - email: jorgekik37@gmail.com name: Jorge Luis Antonio Contreras idUser: 1
2023-03-24 21:24:49,070 - ERROR - 'mara' is an invalid keyword argument for Producto Error al agregar producto por Jorge Luis Antonio Contreras con id 1
2023-03-24 21:24:49,070 - ERROR - 'mara' is an invalid keyword argument for Producto Error al agregar producto por Jorge Luis Antonio Contreras con id 1
2023-03-24 21:30:38,789 - INFO - Inicio de la aplicación
